<?xml version="1.0" encoding="UTF-8"?>
<testng-results ignored="0" total="1" passed="1" failed="0" skipped="0">
  <reporter-output>
  </reporter-output>
  <suite started-at="2025-03-24T13:17:33 IST" name="Master Suite" finished-at="2025-03-24T13:17:38 IST" duration-ms="5679">
    <groups>
    </groups>
    <test started-at="2025-03-24T13:17:33 IST" name="Test" finished-at="2025-03-24T13:17:38 IST" duration-ms="5679">
      <class name="testCases.TC_001_Accountregistrationtest">
        <test-method is-config="true" signature="setup(java.lang.String,java.lang.String)[pri:0, instance:testCases.TC_001_Accountregistrationtest@528c868]" started-at="2025-03-24T13:17:33 IST" name="setup" finished-at="2025-03-24T13:17:37 IST" duration-ms="3580" status="PASS">
          <params>
            <param index="0">
              <value>
                <![CDATA[windows]]>
              </value>
            </param>
            <param index="1">
              <value>
                <![CDATA[chrome]]>
              </value>
            </param>
          </params>
          <reporter-output>
          </reporter-output>
        </test-method> <!-- setup -->
        <test-method signature="account_verification_msg()[pri:0, instance:testCases.TC_001_Accountregistrationtest@528c868]" started-at="2025-03-24T13:17:37 IST" name="account_verification_msg" finished-at="2025-03-24T13:17:38 IST" duration-ms="1596" status="PASS">
          <reporter-output>
          </reporter-output>
        </test-method> <!-- account_verification_msg -->
        <test-method is-config="true" signature="teardown()[pri:0, instance:testCases.TC_001_Accountregistrationtest@528c868]" started-at="2025-03-24T13:17:38 IST" name="teardown" finished-at="2025-03-24T13:17:38 IST" duration-ms="207" status="PASS">
          <reporter-output>
          </reporter-output>
        </test-method> <!-- teardown -->
      </class> <!-- testCases.TC_001_Accountregistrationtest -->
    </test> <!-- Test -->
  </suite> <!-- Master Suite -->
</testng-results>
