<?xml version="1.0" encoding="UTF-8"?>
<testng-results ignored="0" total="1" passed="1" failed="0" skipped="0">
  <reporter-output>
  </reporter-output>
  <suite started-at="2025-03-28T21:56:50 IST" name="Master Suite" finished-at="2025-03-28T21:57:03 IST" duration-ms="12958">
    <groups>
    </groups>
    <test started-at="2025-03-28T21:56:50 IST" name="Test" finished-at="2025-03-28T21:57:03 IST" duration-ms="12958">
      <class name="testCases.TC_004_Product_searching">
        <test-method is-config="true" signature="setup(java.lang.String,java.lang.String)[pri:0, instance:testCases.TC_004_Product_searching@7776ab]" started-at="2025-03-28T21:56:50 IST" name="setup" finished-at="2025-03-28T21:57:01 IST" duration-ms="10779" status="PASS">
          <params>
            <param index="0">
              <value>
                <![CDATA[windows]]>
              </value>
            </param>
            <param index="1">
              <value>
                <![CDATA[chrome]]>
              </value>
            </param>
          </params>
          <reporter-output>
          </reporter-output>
        </test-method> <!-- setup -->
        <test-method signature="product_searching_testcase()[pri:0, instance:testCases.TC_004_Product_searching@7776ab]" started-at="2025-03-28T21:57:01 IST" name="product_searching_testcase" finished-at="2025-03-28T21:57:03 IST" duration-ms="1564" status="PASS">
          <reporter-output>
          </reporter-output>
        </test-method> <!-- product_searching_testcase -->
        <test-method is-config="true" signature="teardown()[pri:0, instance:testCases.TC_004_Product_searching@7776ab]" started-at="2025-03-28T21:57:03 IST" name="teardown" finished-at="2025-03-28T21:57:03 IST" duration-ms="336" status="PASS">
          <reporter-output>
          </reporter-output>
        </test-method> <!-- teardown -->
      </class> <!-- testCases.TC_004_Product_searching -->
    </test> <!-- Test -->
  </suite> <!-- Master Suite -->
</testng-results>
