<?xml version="1.0" encoding="UTF-8"?>
<testng-results ignored="0" total="2" passed="2" failed="0" skipped="0">
  <reporter-output>
  </reporter-output>
  <suite started-at="2025-03-21T23:37:49 IST" name="Master Suite" finished-at="2025-03-21T23:38:10 IST" duration-ms="20371">
    <groups>
    </groups>
    <test started-at="2025-03-21T23:37:49 IST" name="LinuxchromeTest" finished-at="2025-03-21T23:37:57 IST" duration-ms="7435">
      <class name="testCases.TC_001_Accountregistrationtest">
        <test-method is-config="true" signature="setup(java.lang.String,java.lang.String)[pri:0, instance:testCases.TC_001_Accountregistrationtest@55322aab]" started-at="2025-03-21T23:37:50 IST" name="setup" finished-at="2025-03-21T23:37:54 IST" duration-ms="3727" status="PASS">
          <params>
            <param index="0">
              <value>
                <![CDATA[linux]]>
              </value>
            </param>
            <param index="1">
              <value>
                <![CDATA[chrome]]>
              </value>
            </param>
          </params>
          <reporter-output>
          </reporter-output>
        </test-method> <!-- setup -->
        <test-method signature="account_verification_msg()[pri:0, instance:testCases.TC_001_Accountregistrationtest@55322aab]" started-at="2025-03-21T23:37:54 IST" name="account_verification_msg" finished-at="2025-03-21T23:37:57 IST" duration-ms="3031" status="PASS">
          <reporter-output>
          </reporter-output>
        </test-method> <!-- account_verification_msg -->
        <test-method is-config="true" signature="teardown()[pri:0, instance:testCases.TC_001_Accountregistrationtest@55322aab]" started-at="2025-03-21T23:37:57 IST" name="teardown" finished-at="2025-03-21T23:37:57 IST" duration-ms="103" status="PASS">
          <reporter-output>
          </reporter-output>
        </test-method> <!-- teardown -->
      </class> <!-- testCases.TC_001_Accountregistrationtest -->
    </test> <!-- LinuxchromeTest -->
    <test started-at="2025-03-21T23:37:59 IST" name="LinuxfirefoxTest" finished-at="2025-03-21T23:38:10 IST" duration-ms="10963">
      <class name="testCases.TC_001_Accountregistrationtest">
        <test-method is-config="true" signature="setup(java.lang.String,java.lang.String)[pri:0, instance:testCases.TC_001_Accountregistrationtest@49c6c24f]" started-at="2025-03-21T23:37:59 IST" name="setup" finished-at="2025-03-21T23:38:05 IST" duration-ms="6071" status="PASS">
          <params>
            <param index="0">
              <value>
                <![CDATA[linux]]>
              </value>
            </param>
            <param index="1">
              <value>
                <![CDATA[firefox]]>
              </value>
            </param>
          </params>
          <reporter-output>
          </reporter-output>
        </test-method> <!-- setup -->
        <test-method signature="account_verification_msg()[pri:0, instance:testCases.TC_001_Accountregistrationtest@49c6c24f]" started-at="2025-03-21T23:38:05 IST" name="account_verification_msg" finished-at="2025-03-21T23:38:09 IST" duration-ms="3845" status="PASS">
          <reporter-output>
          </reporter-output>
        </test-method> <!-- account_verification_msg -->
        <test-method is-config="true" signature="teardown()[pri:0, instance:testCases.TC_001_Accountregistrationtest@49c6c24f]" started-at="2025-03-21T23:38:09 IST" name="teardown" finished-at="2025-03-21T23:38:10 IST" duration-ms="1033" status="PASS">
          <reporter-output>
          </reporter-output>
        </test-method> <!-- teardown -->
      </class> <!-- testCases.TC_001_Accountregistrationtest -->
    </test> <!-- LinuxfirefoxTest -->
  </suite> <!-- Master Suite -->
</testng-results>
